[ 2017-03-03T09:41:24+08:00 ] 127.0.0.1 /
INFO: [ app_init ] --START--
INFO: Run Behavior\BuildLiteBehavior [ RunTime:0.000000s ]
INFO: [ app_init ] --END-- [ RunTime:0.000000s ]
INFO: [ app_begin ] --START--
INFO: Run Behavior\ReadHtmlCacheBehavior [ RunTime:0.000000s ]
INFO: [ app_begin ] --END-- [ RunTime:0.000000s ]
NOTIC: [8] Undefined index: session_name D:\phpStudy20161103\WWW\tp3\Application\Home\Controller\ParentController.class.php 第 43 行.

[ 2017-03-03T09:41:24+08:00 ] 127.0.0.1 /home/users/login
INFO: [ app_init ] --START--
INFO: Run Behavior\BuildLiteBehavior [ RunTime:0.000000s ]
INFO: [ app_init ] --END-- [ RunTime:0.000000s ]
INFO: [ app_begin ] --START--
INFO: Run Behavior\ReadHtmlCacheBehavior [ RunTime:0.000000s ]
INFO: [ app_begin ] --END-- [ RunTime:0.000000s ]
INFO: [ view_parse ] --START--
INFO: [ template_filter ] --START--
INFO: Run Behavior\ContentReplaceBehavior [ RunTime:0.001000s ]
INFO: [ template_filter ] --END-- [ RunTime:0.001000s ]
NOTIC: [8] Undefined variable: return D:\phpStudy20161103\WWW\tp3\Application\Runtime\Cache\Home\ccea6a400660ce54d68cab67b9f68781.php 第 80 行.
INFO: Run Behavior\ParseTemplateBehavior [ RunTime:0.005000s ]
INFO: [ view_parse ] --END-- [ RunTime:0.005000s ]
INFO: [ view_filter ] --START--
INFO: Run Behavior\WriteHtmlCacheBehavior [ RunTime:0.000000s ]
INFO: [ view_filter ] --END-- [ RunTime:0.000000s ]
INFO: [ app_end ] --START--
INFO: Run Behavior\ShowPageTraceBehavior [ RunTime:0.000000s ]
INFO: [ app_end ] --END-- [ RunTime:0.000000s ]

[ 2017-03-03T09:41:24+08:00 ] 127.0.0.1 /home/users/favicon.ico
INFO: [ app_init ] --START--
INFO: Run Behavior\BuildLiteBehavior [ RunTime:0.000000s ]
INFO: [ app_init ] --END-- [ RunTime:0.000000s ]

[ 2017-03-03T09:41:32+08:00 ] 127.0.0.1 /home/users/do_login.html
INFO: [ app_init ] --START--
INFO: Run Behavior\BuildLiteBehavior [ RunTime:0.000000s ]
INFO: [ app_init ] --END-- [ RunTime:0.001000s ]
INFO: [ app_begin ] --START--
INFO: Run Behavior\ReadHtmlCacheBehavior [ RunTime:0.001000s ]
INFO: [ app_begin ] --END-- [ RunTime:0.001000s ]
SQL: SELECT T1.* FROM (SELECT thinkphp.*, ROW_NUMBER() OVER ( ORDER BY rand()) AS ROW_NUMBER FROM (SELECT  * FROM [y_user] WHERE ( username='admin' ) ) AS thinkphp) AS T1 WHERE (T1.ROW_NUMBER BETWEEN 1 AND 1) [ RunTime:0.0240s ]
SQL: select * from Y_manger WHERE manger='admin' [ RunTime:0.0220s ]
SQL: select suffix from Y_SuffixSalerman order by suffix asc  [ RunTime:0.0170s ]
SQL: select distinct salesman from Y_SuffixSalerman order by salesman asc [ RunTime:0.0230s ]
SQL: SELECT DISTINCT pingtai from Y_suffixPingtai [ RunTime:0.0340s ]
INFO: [ view_parse ] --START--
INFO: [ template_filter ] --START--
INFO: Run Behavior\ContentReplaceBehavior [ RunTime:0.000000s ]
INFO: [ template_filter ] --END-- [ RunTime:0.000000s ]
INFO: Run Behavior\ParseTemplateBehavior [ RunTime:0.011000s ]
INFO: [ view_parse ] --END-- [ RunTime:0.011000s ]
INFO: [ view_filter ] --START--
INFO: Run Behavior\WriteHtmlCacheBehavior [ RunTime:0.001000s ]
INFO: [ view_filter ] --END-- [ RunTime:0.001000s ]
INFO: [ app_end ] --START--
INFO: Run Behavior\ShowPageTraceBehavior [ RunTime:0.001000s ]
INFO: [ app_end ] --END-- [ RunTime:0.001000s ]

[ 2017-03-03T09:42:01+08:00 ] 127.0.0.1 /home/product/index.html
INFO: [ app_init ] --START--
INFO: Run Behavior\BuildLiteBehavior [ RunTime:0.000000s ]
INFO: [ app_init ] --END-- [ RunTime:0.000000s ]
INFO: [ app_begin ] --START--
INFO: Run Behavior\ReadHtmlCacheBehavior [ RunTime:0.000000s ]
INFO: [ app_begin ] --END-- [ RunTime:0.000000s ]
NOTIC: [8] Undefined index: suffix D:\phpStudy20161103\WWW\tp3\Application\Home\Controller\ProductController.class.php 第 19 行.
NOTIC: [2] implode(): Invalid arguments passed D:\phpStudy20161103\WWW\tp3\Application\Home\Controller\ProductController.class.php 第 19 行.
NOTIC: [8] Undefined index: StoreName D:\phpStudy20161103\WWW\tp3\Application\Home\Controller\ProductController.class.php 第 21 行.
NOTIC: [2] implode(): Invalid arguments passed D:\phpStudy20161103\WWW\tp3\Application\Home\Controller\ProductController.class.php 第 21 行.
SQL: EXEC Z_P_FinancialProfit '','1','2017-02-26','2017-03-03','','''毕郑强 ''','',0,'6' [ RunTime:2.9972s ]
INFO: [ view_parse ] --START--
INFO: [ template_filter ] --START--
INFO: Run Behavior\ContentReplaceBehavior [ RunTime:0.000000s ]
INFO: [ template_filter ] --END-- [ RunTime:0.000000s ]
NOTIC: [8] Use of undefined constant 汇总 - assumed '汇总' D:\phpStudy20161103\WWW\tp3\Application\Runtime\Cache\Home\de371bc6c1e5d45947360ce567c02ee1.php 第 169 行.
NOTIC: [8] Use of undefined constant 汇总 - assumed '汇总' D:\phpStudy20161103\WWW\tp3\Application\Runtime\Cache\Home\de371bc6c1e5d45947360ce567c02ee1.php 第 169 行.
NOTIC: [8] Use of undefined constant 汇总 - assumed '汇总' D:\phpStudy20161103\WWW\tp3\Application\Runtime\Cache\Home\de371bc6c1e5d45947360ce567c02ee1.php 第 169 行.
NOTIC: [8] Use of undefined constant 汇总 - assumed '汇总' D:\phpStudy20161103\WWW\tp3\Application\Runtime\Cache\Home\de371bc6c1e5d45947360ce567c02ee1.php 第 169 行.
NOTIC: [8] Use of undefined constant 汇总 - assumed '汇总' D:\phpStudy20161103\WWW\tp3\Application\Runtime\Cache\Home\de371bc6c1e5d45947360ce567c02ee1.php 第 169 行.
NOTIC: [8] Use of undefined constant 汇总 - assumed '汇总' D:\phpStudy20161103\WWW\tp3\Application\Runtime\Cache\Home\de371bc6c1e5d45947360ce567c02ee1.php 第 169 行.
NOTIC: [8] Use of undefined constant 汇总 - assumed '汇总' D:\phpStudy20161103\WWW\tp3\Application\Runtime\Cache\Home\de371bc6c1e5d45947360ce567c02ee1.php 第 169 行.
NOTIC: [8] Use of undefined constant 汇总 - assumed '汇总' D:\phpStudy20161103\WWW\tp3\Application\Runtime\Cache\Home\de371bc6c1e5d45947360ce567c02ee1.php 第 169 行.
NOTIC: [8] Use of undefined constant 汇总 - assumed '汇总' D:\phpStudy20161103\WWW\tp3\Application\Runtime\Cache\Home\de371bc6c1e5d45947360ce567c02ee1.php 第 169 行.
NOTIC: [8] Use of undefined constant 汇总 - assumed '汇总' D:\phpStudy20161103\WWW\tp3\Application\Runtime\Cache\Home\de371bc6c1e5d45947360ce567c02ee1.php 第 191 行.
NOTIC: [8] Use of undefined constant 汇总 - assumed '汇总' D:\phpStudy20161103\WWW\tp3\Application\Runtime\Cache\Home\de371bc6c1e5d45947360ce567c02ee1.php 第 191 行.
NOTIC: [8] Use of undefined constant 汇总 - assumed '汇总' D:\phpStudy20161103\WWW\tp3\Application\Runtime\Cache\Home\de371bc6c1e5d45947360ce567c02ee1.php 第 191 行.
NOTIC: [8] Use of undefined constant 汇总 - assumed '汇总' D:\phpStudy20161103\WWW\tp3\Application\Runtime\Cache\Home\de371bc6c1e5d45947360ce567c02ee1.php 第 191 行.
NOTIC: [8] Use of undefined constant 汇总 - assumed '汇总' D:\phpStudy20161103\WWW\tp3\Application\Runtime\Cache\Home\de371bc6c1e5d45947360ce567c02ee1.php 第 191 行.
NOTIC: [8] Use of undefined constant 汇总 - assumed '汇总' D:\phpStudy20161103\WWW\tp3\Application\Runtime\Cache\Home\de371bc6c1e5d45947360ce567c02ee1.php 第 191 行.
NOTIC: [8] Use of undefined constant 汇总 - assumed '汇总' D:\phpStudy20161103\WWW\tp3\Application\Runtime\Cache\Home\de371bc6c1e5d45947360ce567c02ee1.php 第 191 行.
NOTIC: [8] Use of undefined constant 汇总 - assumed '汇总' D:\phpStudy20161103\WWW\tp3\Application\Runtime\Cache\Home\de371bc6c1e5d45947360ce567c02ee1.php 第 191 行.
NOTIC: [8] Use of undefined constant 汇总 - assumed '汇总' D:\phpStudy20161103\WWW\tp3\Application\Runtime\Cache\Home\de371bc6c1e5d45947360ce567c02ee1.php 第 191 行.
INFO: Run Behavior\ParseTemplateBehavior [ RunTime:0.020001s ]
INFO: [ view_parse ] --END-- [ RunTime:0.021001s ]
INFO: [ view_filter ] --START--
INFO: Run Behavior\WriteHtmlCacheBehavior [ RunTime:0.000000s ]
INFO: [ view_filter ] --END-- [ RunTime:0.000000s ]
INFO: [ app_end ] --START--
INFO: Run Behavior\ShowPageTraceBehavior [ RunTime:0.002000s ]
INFO: [ app_end ] --END-- [ RunTime:0.002000s ]

[ 2017-03-03T09:42:01+08:00 ] 127.0.0.1 /home/product/favicon.ico
INFO: [ app_init ] --START--
INFO: Run Behavior\BuildLiteBehavior [ RunTime:0.000000s ]
INFO: [ app_init ] --END-- [ RunTime:0.000000s ]

[ 2017-03-03T09:42:34+08:00 ] 127.0.0.1 /home/product/index.html
INFO: [ app_init ] --START--
INFO: Run Behavior\BuildLiteBehavior [ RunTime:0.000000s ]
INFO: [ app_init ] --END-- [ RunTime:0.000000s ]
INFO: [ app_begin ] --START--
INFO: Run Behavior\ReadHtmlCacheBehavior [ RunTime:0.000000s ]
INFO: [ app_begin ] --END-- [ RunTime:0.000000s ]
NOTIC: [8] Undefined index: suffix D:\phpStudy20161103\WWW\tp3\Application\Home\Controller\ProductController.class.php 第 19 行.
NOTIC: [2] implode(): Invalid arguments passed D:\phpStudy20161103\WWW\tp3\Application\Home\Controller\ProductController.class.php 第 19 行.
NOTIC: [8] Undefined index: StoreName D:\phpStudy20161103\WWW\tp3\Application\Home\Controller\ProductController.class.php 第 21 行.
NOTIC: [2] implode(): Invalid arguments passed D:\phpStudy20161103\WWW\tp3\Application\Home\Controller\ProductController.class.php 第 21 行.
SQL: EXEC Z_P_FinancialProfit '','1','2017-02-01','2017-03-03','','''毕郑强 ''','',0,'6' [ RunTime:6.7354s ]
INFO: [ view_parse ] --START--
INFO: [ template_filter ] --START--
INFO: Run Behavior\ContentReplaceBehavior [ RunTime:0.000000s ]
INFO: [ template_filter ] --END-- [ RunTime:0.000000s ]
NOTIC: [8] Use of undefined constant 汇总 - assumed '汇总' D:\phpStudy20161103\WWW\tp3\Application\Runtime\Cache\Home\de371bc6c1e5d45947360ce567c02ee1.php 第 169 行.
NOTIC: [8] Use of undefined constant 汇总 - assumed '汇总' D:\phpStudy20161103\WWW\tp3\Application\Runtime\Cache\Home\de371bc6c1e5d45947360ce567c02ee1.php 第 169 行.
NOTIC: [8] Use of undefined constant 汇总 - assumed '汇总' D:\phpStudy20161103\WWW\tp3\Application\Runtime\Cache\Home\de371bc6c1e5d45947360ce567c02ee1.php 第 169 行.
NOTIC: [8] Use of undefined constant 汇总 - assumed '汇总' D:\phpStudy20161103\WWW\tp3\Application\Runtime\Cache\Home\de371bc6c1e5d45947360ce567c02ee1.php 第 169 行.
NOTIC: [8] Use of undefined constant 汇总 - assumed '汇总' D:\phpStudy20161103\WWW\tp3\Application\Runtime\Cache\Home\de371bc6c1e5d45947360ce567c02ee1.php 第 169 行.
NOTIC: [8] Use of undefined constant 汇总 - assumed '汇总' D:\phpStudy20161103\WWW\tp3\Application\Runtime\Cache\Home\de371bc6c1e5d45947360ce567c02ee1.php 第 169 行.
NOTIC: [8] Use of undefined constant 汇总 - assumed '汇总' D:\phpStudy20161103\WWW\tp3\Application\Runtime\Cache\Home\de371bc6c1e5d45947360ce567c02ee1.php 第 169 行.
NOTIC: [8] Use of undefined constant 汇总 - assumed '汇总' D:\phpStudy20161103\WWW\tp3\Application\Runtime\Cache\Home\de371bc6c1e5d45947360ce567c02ee1.php 第 169 行.
NOTIC: [8] Use of undefined constant 汇总 - assumed '汇总' D:\phpStudy20161103\WWW\tp3\Application\Runtime\Cache\Home\de371bc6c1e5d45947360ce567c02ee1.php 第 169 行.
NOTIC: [8] Use of undefined constant 汇总 - assumed '汇总' D:\phpStudy20161103\WWW\tp3\Application\Runtime\Cache\Home\de371bc6c1e5d45947360ce567c02ee1.php 第 169 行.
NOTIC: [8] Use of undefined constant 汇总 - assumed '汇总' D:\phpStudy20161103\WWW\tp3\Application\Runtime\Cache\Home\de371bc6c1e5d45947360ce567c02ee1.php 第 191 行.
NOTIC: [8] Use of undefined constant 汇总 - assumed '汇总' D:\phpStudy20161103\WWW\tp3\Application\Runtime\Cache\Home\de371bc6c1e5d45947360ce567c02ee1.php 第 191 行.
NOTIC: [8] Use of undefined constant 汇总 - assumed '汇总' D:\phpStudy20161103\WWW\tp3\Application\Runtime\Cache\Home\de371bc6c1e5d45947360ce567c02ee1.php 第 191 行.
NOTIC: [8] Use of undefined constant 汇总 - assumed '汇总' D:\phpStudy20161103\WWW\tp3\Application\Runtime\Cache\Home\de371bc6c1e5d45947360ce567c02ee1.php 第 191 行.
NOTIC: [8] Use of undefined constant 汇总 - assumed '汇总' D:\phpStudy20161103\WWW\tp3\Application\Runtime\Cache\Home\de371bc6c1e5d45947360ce567c02ee1.php 第 191 行.
NOTIC: [8] Use of undefined constant 汇总 - assumed '汇总' D:\phpStudy20161103\WWW\tp3\Application\Runtime\Cache\Home\de371bc6c1e5d45947360ce567c02ee1.php 第 191 行.
NOTIC: [8] Use of undefined constant 汇总 - assumed '汇总' D:\phpStudy20161103\WWW\tp3\Application\Runtime\Cache\Home\de371bc6c1e5d45947360ce567c02ee1.php 第 191 行.
NOTIC: [8] Use of undefined constant 汇总 - assumed '汇总' D:\phpStudy20161103\WWW\tp3\Application\Runtime\Cache\Home\de371bc6c1e5d45947360ce567c02ee1.php 第 191 行.
NOTIC: [8] Use of undefined constant 汇总 - assumed '汇总' D:\phpStudy20161103\WWW\tp3\Application\Runtime\Cache\Home\de371bc6c1e5d45947360ce567c02ee1.php 第 191 行.
NOTIC: [8] Use of undefined constant 汇总 - assumed '汇总' D:\phpStudy20161103\WWW\tp3\Application\Runtime\Cache\Home\de371bc6c1e5d45947360ce567c02ee1.php 第 191 行.
INFO: Run Behavior\ParseTemplateBehavior [ RunTime:0.012001s ]
INFO: [ view_parse ] --END-- [ RunTime:0.012001s ]
INFO: [ view_filter ] --START--
INFO: Run Behavior\WriteHtmlCacheBehavior [ RunTime:0.001000s ]
INFO: [ view_filter ] --END-- [ RunTime:0.001000s ]
INFO: [ app_end ] --START--
INFO: Run Behavior\ShowPageTraceBehavior [ RunTime:0.000000s ]
INFO: [ app_end ] --END-- [ RunTime:0.000000s ]

[ 2017-03-03T09:43:27+08:00 ] 127.0.0.1 /home/product/index.html
INFO: [ app_init ] --START--
INFO: Run Behavior\BuildLiteBehavior [ RunTime:0.000000s ]
INFO: [ app_init ] --END-- [ RunTime:0.000000s ]
INFO: [ app_begin ] --START--
INFO: Run Behavior\ReadHtmlCacheBehavior [ RunTime:0.000000s ]
INFO: [ app_begin ] --END-- [ RunTime:0.000000s ]
NOTIC: [8] Undefined index: saler D:\phpStudy20161103\WWW\tp3\Application\Home\Controller\ProductController.class.php 第 18 行.
NOTIC: [2] array_unique() expects parameter 1 to be array, null given D:\phpStudy20161103\WWW\tp3\Application\Home\Controller\ProductController.class.php 第 18 行.
NOTIC: [2] implode(): Invalid arguments passed D:\phpStudy20161103\WWW\tp3\Application\Home\Controller\ProductController.class.php 第 18 行.
NOTIC: [8] Undefined index: StoreName D:\phpStudy20161103\WWW\tp3\Application\Home\Controller\ProductController.class.php 第 21 行.
NOTIC: [2] implode(): Invalid arguments passed D:\phpStudy20161103\WWW\tp3\Application\Home\Controller\ProductController.class.php 第 21 行.
SQL: EXEC Z_P_FinancialProfit '','1','2017-02-01','2017-03-03','''18-shuai ''','','',0,'6' [ RunTime:2.8152s ]
INFO: [ view_parse ] --START--
INFO: [ template_filter ] --START--
INFO: Run Behavior\ContentReplaceBehavior [ RunTime:0.000000s ]
INFO: [ template_filter ] --END-- [ RunTime:0.000000s ]
NOTIC: [8] Use of undefined constant 汇总 - assumed '汇总' D:\phpStudy20161103\WWW\tp3\Application\Runtime\Cache\Home\de371bc6c1e5d45947360ce567c02ee1.php 第 169 行.
NOTIC: [8] Use of undefined constant 汇总 - assumed '汇总' D:\phpStudy20161103\WWW\tp3\Application\Runtime\Cache\Home\de371bc6c1e5d45947360ce567c02ee1.php 第 169 行.
NOTIC: [8] Use of undefined constant 汇总 - assumed '汇总' D:\phpStudy20161103\WWW\tp3\Application\Runtime\Cache\Home\de371bc6c1e5d45947360ce567c02ee1.php 第 191 行.
NOTIC: [8] Use of undefined constant 汇总 - assumed '汇总' D:\phpStudy20161103\WWW\tp3\Application\Runtime\Cache\Home\de371bc6c1e5d45947360ce567c02ee1.php 第 191 行.
INFO: Run Behavior\ParseTemplateBehavior [ RunTime:0.016001s ]
INFO: [ view_parse ] --END-- [ RunTime:0.016001s ]
INFO: [ view_filter ] --START--
INFO: Run Behavior\WriteHtmlCacheBehavior [ RunTime:0.001000s ]
INFO: [ view_filter ] --END-- [ RunTime:0.001000s ]
INFO: [ app_end ] --START--
INFO: Run Behavior\ShowPageTraceBehavior [ RunTime:0.001000s ]
INFO: [ app_end ] --END-- [ RunTime:0.001000s ]

[ 2017-03-03T15:16:05+08:00 ] 127.0.0.1 /
INFO: [ app_init ] --START--
INFO: Run Behavior\BuildLiteBehavior [ RunTime:0.000000s ]
INFO: [ app_init ] --END-- [ RunTime:0.000000s ]
INFO: [ app_begin ] --START--
INFO: Run Behavior\ReadHtmlCacheBehavior [ RunTime:0.000000s ]
INFO: [ app_begin ] --END-- [ RunTime:0.000000s ]
NOTIC: [8] Undefined index: session_name D:\phpStudy20161103\WWW\tp3\Application\Home\Controller\ParentController.class.php 第 43 行.

[ 2017-03-03T15:16:05+08:00 ] 127.0.0.1 /home/users/login
INFO: [ app_init ] --START--
INFO: Run Behavior\BuildLiteBehavior [ RunTime:0.000000s ]
INFO: [ app_init ] --END-- [ RunTime:0.000000s ]
INFO: [ app_begin ] --START--
INFO: Run Behavior\ReadHtmlCacheBehavior [ RunTime:0.000000s ]
INFO: [ app_begin ] --END-- [ RunTime:0.000000s ]
INFO: [ view_parse ] --START--
INFO: [ template_filter ] --START--
INFO: Run Behavior\ContentReplaceBehavior [ RunTime:0.000000s ]
INFO: [ template_filter ] --END-- [ RunTime:0.000000s ]
NOTIC: [8] Undefined variable: return D:\phpStudy20161103\WWW\tp3\Application\Runtime\Cache\Home\ccea6a400660ce54d68cab67b9f68781.php 第 80 行.
INFO: Run Behavior\ParseTemplateBehavior [ RunTime:0.006000s ]
INFO: [ view_parse ] --END-- [ RunTime:0.006000s ]
INFO: [ view_filter ] --START--
INFO: Run Behavior\WriteHtmlCacheBehavior [ RunTime:0.000000s ]
INFO: [ view_filter ] --END-- [ RunTime:0.000000s ]
INFO: [ app_end ] --START--
INFO: Run Behavior\ShowPageTraceBehavior [ RunTime:0.001000s ]
INFO: [ app_end ] --END-- [ RunTime:0.001000s ]

[ 2017-03-03T15:16:05+08:00 ] 127.0.0.1 /home/users/favicon.ico
INFO: [ app_init ] --START--
INFO: Run Behavior\BuildLiteBehavior [ RunTime:0.000000s ]
INFO: [ app_init ] --END-- [ RunTime:0.000000s ]

[ 2017-03-03T15:16:13+08:00 ] 127.0.0.1 /home/users/do_login.html
INFO: [ app_init ] --START--
INFO: Run Behavior\BuildLiteBehavior [ RunTime:0.000000s ]
INFO: [ app_init ] --END-- [ RunTime:0.000000s ]
INFO: [ app_begin ] --START--
INFO: Run Behavior\ReadHtmlCacheBehavior [ RunTime:0.001000s ]
INFO: [ app_begin ] --END-- [ RunTime:0.001000s ]
SQL: SELECT T1.* FROM (SELECT thinkphp.*, ROW_NUMBER() OVER ( ORDER BY rand()) AS ROW_NUMBER FROM (SELECT  * FROM [y_user] WHERE ( username='admin' ) ) AS thinkphp) AS T1 WHERE (T1.ROW_NUMBER BETWEEN 1 AND 1) [ RunTime:0.0130s ]
SQL: select * from Y_manger WHERE manger='admin' [ RunTime:0.0110s ]
SQL: select suffix from Y_SuffixSalerman order by suffix asc  [ RunTime:0.0090s ]
SQL: select distinct salesman from Y_SuffixSalerman order by salesman asc [ RunTime:0.0090s ]
SQL: SELECT DISTINCT pingtai from Y_suffixPingtai [ RunTime:0.0090s ]
INFO: [ view_parse ] --START--
INFO: [ template_filter ] --START--
INFO: Run Behavior\ContentReplaceBehavior [ RunTime:0.000000s ]
INFO: [ template_filter ] --END-- [ RunTime:0.000000s ]
INFO: Run Behavior\ParseTemplateBehavior [ RunTime:0.018001s ]
INFO: [ view_parse ] --END-- [ RunTime:0.018001s ]
INFO: [ view_filter ] --START--
INFO: Run Behavior\WriteHtmlCacheBehavior [ RunTime:0.000000s ]
INFO: [ view_filter ] --END-- [ RunTime:0.001001s ]
INFO: [ app_end ] --START--
INFO: Run Behavior\ShowPageTraceBehavior [ RunTime:0.001000s ]
INFO: [ app_end ] --END-- [ RunTime:0.001000s ]

